[06/18/23 16:56:33] crowsnest: crowsnest - A webcam Service for multiple Cams and Stream Services.
[06/18/23 16:56:33] crowsnest: Version: v4.1.3-1-gc0c9c41
[06/18/23 16:56:33] crowsnest: Prepare Startup ...
[06/18/23 16:56:33] crowsnest: INFO: Host information:
[06/18/23 16:56:33] crowsnest: Host Info: Distribution: Debian GNU/Linux 11 (bullseye)
[06/18/23 16:56:33] crowsnest: Host Info: Release: MainsailOS release 1.3.2 (bullseye)
[06/18/23 16:56:33] crowsnest: Host Info: Kernel: Linux 6.1.21-v8+ aarch64
[06/18/23 16:56:33] crowsnest: Host Info: Model:  Raspberry Pi 4 Model B Rev 1.5
[06/18/23 16:56:33] crowsnest: Host Info: Available CPU Cores: 4
[06/18/23 16:56:33] crowsnest: Host Info: Available Memory: 3705536 kB
[06/18/23 16:56:33] crowsnest: Host Info: Diskspace (avail. / total): 52G / 59G
[06/18/23 16:56:33] crowsnest: INFO: Checking Dependencies
[06/18/23 16:56:33] crowsnest: Dependency: 'crudini' found in /usr/bin/crudini.
[06/18/23 16:56:33] crowsnest: Dependency: 'find' found in /usr/bin/find.
[06/18/23 16:56:33] crowsnest: Dependency: 'xargs' found in /usr/bin/xargs.
[06/18/23 16:56:33] crowsnest: Dependency: 'ustreamer' found in bin/ustreamer/ustreamer.
[06/18/23 16:56:33] crowsnest: Dependency: 'camera-streamer' found in bin/camera-streamer/camera-streamer.
[06/18/23 16:56:33] crowsnest: Version Control: ustreamer is up to date. (v5.48)
[06/18/23 16:56:36] crowsnest: Version Control: camera-streamer is up to date. ((f1627aa))
[06/18/23 16:56:36] crowsnest: INFO: Print Configfile: '/home/pi/printer_data/config/crowsnest.conf'
[06/18/23 16:56:36] crowsnest:		[crowsnest]
[06/18/23 16:56:36] crowsnest:		log_path: /home/pi/printer_data/logs/crowsnest.log
[06/18/23 16:56:36] crowsnest:		log_level: verbose
[06/18/23 16:56:36] crowsnest:		delete_log: false
[06/18/23 16:56:36] crowsnest:		no_proxy: false
[06/18/23 16:56:36] crowsnest:		
[06/18/23 16:56:36] crowsnest:		[cam 1]
[06/18/23 16:56:36] crowsnest:		mode: ustreamer
[06/18/23 16:56:36] crowsnest:		
[06/18/23 16:56:36] crowsnest:		enable_rtsp: false
[06/18/23 16:56:36] crowsnest:		rtsp_port: 8554
[06/18/23 16:56:36] crowsnest:		port: 8080
[06/18/23 16:56:36] crowsnest:		device: /dev/video0
[06/18/23 16:56:36] crowsnest:		resolution: 640x480
[06/18/23 16:56:36] crowsnest:		max_fps: 15
[06/18/23 16:56:36] crowsnest: INFO: Detect available Devices
[06/18/23 16:56:36] crowsnest: ERROR: No usable Devices Found. Stopping crowsnest.
[06/18/23 16:56:42] crowsnest: crowsnest - A webcam Service for multiple Cams and Stream Services.
[06/18/23 16:56:42] crowsnest: Version: v4.1.3-1-gc0c9c41
[06/18/23 16:56:42] crowsnest: Prepare Startup ...
[06/18/23 16:56:42] crowsnest: INFO: Host information:
[06/18/23 16:56:42] crowsnest: Host Info: Distribution: Debian GNU/Linux 11 (bullseye)
[06/18/23 16:56:42] crowsnest: Host Info: Release: MainsailOS release 1.3.2 (bullseye)
[06/18/23 16:56:42] crowsnest: Host Info: Kernel: Linux 6.1.21-v8+ aarch64
[06/18/23 16:56:42] crowsnest: Host Info: Model:  Raspberry Pi 4 Model B Rev 1.5
[06/18/23 16:56:42] crowsnest: Host Info: Available CPU Cores: 4
[06/18/23 16:56:42] crowsnest: Host Info: Available Memory: 3705536 kB
[06/18/23 16:56:42] crowsnest: Host Info: Diskspace (avail. / total): 52G / 59G
[06/18/23 16:56:42] crowsnest: INFO: Checking Dependencies
[06/18/23 16:56:42] crowsnest: Dependency: 'crudini' found in /usr/bin/crudini.
[06/18/23 16:56:42] crowsnest: Dependency: 'find' found in /usr/bin/find.
[06/18/23 16:56:42] crowsnest: Dependency: 'xargs' found in /usr/bin/xargs.
[06/18/23 16:56:42] crowsnest: Dependency: 'ustreamer' found in bin/ustreamer/ustreamer.
[06/18/23 16:56:42] crowsnest: Dependency: 'camera-streamer' found in bin/camera-streamer/camera-streamer.
[06/18/23 16:56:42] crowsnest: Version Control: ustreamer is up to date. (v5.48)
[06/18/23 16:56:42] crowsnest: Version Control: camera-streamer is up to date. ((f1627aa))
[06/18/23 16:56:42] crowsnest: INFO: Print Configfile: '/home/pi/printer_data/config/crowsnest.conf'
[06/18/23 16:56:42] crowsnest:		[crowsnest]
[06/18/23 16:56:42] crowsnest:		log_path: /home/pi/printer_data/logs/crowsnest.log
[06/18/23 16:56:42] crowsnest:		log_level: verbose
[06/18/23 16:56:42] crowsnest:		delete_log: false
[06/18/23 16:56:42] crowsnest:		no_proxy: false
[06/18/23 16:56:42] crowsnest:		
[06/18/23 16:56:42] crowsnest:		[cam 1]
[06/18/23 16:56:42] crowsnest:		mode: ustreamer
[06/18/23 16:56:42] crowsnest:		
[06/18/23 16:56:42] crowsnest:		enable_rtsp: false
[06/18/23 16:56:42] crowsnest:		rtsp_port: 8554
[06/18/23 16:56:42] crowsnest:		port: 8080
[06/18/23 16:56:42] crowsnest:		device: /dev/video0
[06/18/23 16:56:42] crowsnest:		resolution: 640x480
[06/18/23 16:56:42] crowsnest:		max_fps: 15
[06/18/23 16:56:42] crowsnest: INFO: Detect available Devices
[06/18/23 16:56:42] crowsnest: ERROR: No usable Devices Found. Stopping crowsnest.
[06/18/23 16:56:48] crowsnest: crowsnest - A webcam Service for multiple Cams and Stream Services.
[06/18/23 16:56:48] crowsnest: Version: v4.1.3-1-gc0c9c41
[06/18/23 16:56:48] crowsnest: Prepare Startup ...
[06/18/23 16:56:48] crowsnest: INFO: Host information:
[06/18/23 16:56:48] crowsnest: Host Info: Distribution: Debian GNU/Linux 11 (bullseye)
[06/18/23 16:56:48] crowsnest: Host Info: Release: MainsailOS release 1.3.2 (bullseye)
[06/18/23 16:56:48] crowsnest: Host Info: Kernel: Linux 6.1.21-v8+ aarch64
[06/18/23 16:56:48] crowsnest: Host Info: Model:  Raspberry Pi 4 Model B Rev 1.5
[06/18/23 16:56:48] crowsnest: Host Info: Available CPU Cores: 4
[06/18/23 16:56:48] crowsnest: Host Info: Available Memory: 3705536 kB
[06/18/23 16:56:48] crowsnest: Host Info: Diskspace (avail. / total): 52G / 59G
[06/18/23 16:56:48] crowsnest: INFO: Checking Dependencies
[06/18/23 16:56:48] crowsnest: Dependency: 'crudini' found in /usr/bin/crudini.
[06/18/23 16:56:48] crowsnest: Dependency: 'find' found in /usr/bin/find.
[06/18/23 16:56:48] crowsnest: Dependency: 'xargs' found in /usr/bin/xargs.
[06/18/23 16:56:48] crowsnest: Dependency: 'ustreamer' found in bin/ustreamer/ustreamer.
[06/18/23 16:56:48] crowsnest: Dependency: 'camera-streamer' found in bin/camera-streamer/camera-streamer.
[06/18/23 16:56:48] crowsnest: Version Control: ustreamer is up to date. (v5.48)
[06/18/23 16:56:49] crowsnest: Version Control: camera-streamer is up to date. ((f1627aa))
[06/18/23 16:56:49] crowsnest: INFO: Print Configfile: '/home/pi/printer_data/config/crowsnest.conf'
[06/18/23 16:56:49] crowsnest:		[crowsnest]
[06/18/23 16:56:49] crowsnest:		log_path: /home/pi/printer_data/logs/crowsnest.log
[06/18/23 16:56:49] crowsnest:		log_level: verbose
[06/18/23 16:56:49] crowsnest:		delete_log: false
[06/18/23 16:56:49] crowsnest:		no_proxy: false
[06/18/23 16:56:49] crowsnest:		
[06/18/23 16:56:49] crowsnest:		[cam 1]
[06/18/23 16:56:49] crowsnest:		mode: ustreamer
[06/18/23 16:56:49] crowsnest:		
[06/18/23 16:56:49] crowsnest:		enable_rtsp: false
[06/18/23 16:56:49] crowsnest:		rtsp_port: 8554
[06/18/23 16:56:49] crowsnest:		port: 8080
[06/18/23 16:56:49] crowsnest:		device: /dev/video0
[06/18/23 16:56:49] crowsnest:		resolution: 640x480
[06/18/23 16:56:49] crowsnest:		max_fps: 15
[06/18/23 16:56:49] crowsnest: INFO: Detect available Devices
[06/18/23 16:56:49] crowsnest: ERROR: No usable Devices Found. Stopping crowsnest.
[06/10/24 20:04:47] crowsnest: crowsnest - A webcam Service for multiple Cams and Stream Services.
[06/10/24 20:04:47] crowsnest: Version: v4.1.3-1-gc0c9c41
[06/10/24 20:04:47] crowsnest: Prepare Startup ...
[06/10/24 20:04:47] crowsnest: INFO: Host information:
[06/10/24 20:04:47] crowsnest: Host Info: Distribution: Debian GNU/Linux 11 (bullseye)
[06/10/24 20:04:47] crowsnest: Host Info: Release: MainsailOS release 1.3.2 (bullseye)
[06/10/24 20:04:47] crowsnest: Host Info: Kernel: Linux 6.1.21-v8+ aarch64
[06/10/24 20:04:47] crowsnest: Host Info: Model:  Raspberry Pi 4 Model B Rev 1.5
[06/10/24 20:04:47] crowsnest: Host Info: Available CPU Cores: 4
[06/10/24 20:04:47] crowsnest: Host Info: Available Memory: 3705536 kB
[06/10/24 20:04:47] crowsnest: Host Info: Diskspace (avail. / total): 52G / 59G
[06/10/24 20:04:47] crowsnest: INFO: Checking Dependencies
[06/10/24 20:04:47] crowsnest: Dependency: 'crudini' found in /usr/bin/crudini.
[06/10/24 20:04:47] crowsnest: Dependency: 'find' found in /usr/bin/find.
[06/10/24 20:04:47] crowsnest: Dependency: 'xargs' found in /usr/bin/xargs.
[06/10/24 20:04:47] crowsnest: Dependency: 'ustreamer' found in bin/ustreamer/ustreamer.
[06/10/24 20:04:47] crowsnest: Dependency: 'camera-streamer' found in bin/camera-streamer/camera-streamer.
[06/10/24 20:04:47] crowsnest: Version Control: ustreamer is up to date. (v5.48)
[06/10/24 20:04:47] crowsnest: Version Control: camera-streamer is up to date. ((f1627aa))
[06/10/24 20:04:47] crowsnest: INFO: Print Configfile: '/home/pi/printer_data/config/crowsnest.conf'
[06/10/24 20:04:47] crowsnest:		[crowsnest]
[06/10/24 20:04:47] crowsnest:		log_path: /home/pi/printer_data/logs/crowsnest.log
[06/10/24 20:04:47] crowsnest:		log_level: verbose
[06/10/24 20:04:47] crowsnest:		delete_log: false
[06/10/24 20:04:47] crowsnest:		no_proxy: false
[06/10/24 20:04:47] crowsnest:		
[06/10/24 20:04:47] crowsnest:		[cam 1]
[06/10/24 20:04:47] crowsnest:		mode: ustreamer
[06/10/24 20:04:47] crowsnest:		
[06/10/24 20:04:47] crowsnest:		enable_rtsp: false
[06/10/24 20:04:47] crowsnest:		rtsp_port: 8554
[06/10/24 20:04:47] crowsnest:		port: 8080
[06/10/24 20:04:47] crowsnest:		device: /dev/video0
[06/10/24 20:04:47] crowsnest:		resolution: 640x480
[06/10/24 20:04:47] crowsnest:		max_fps: 15
[06/10/24 20:04:47] crowsnest: INFO: Detect available Devices
[06/10/24 20:04:47] crowsnest: ERROR: No usable Devices Found. Stopping crowsnest.
[06/10/24 20:04:53] crowsnest: crowsnest - A webcam Service for multiple Cams and Stream Services.
[06/10/24 20:04:53] crowsnest: Version: v4.1.3-1-gc0c9c41
[06/10/24 20:04:53] crowsnest: Prepare Startup ...
[06/10/24 20:04:53] crowsnest: INFO: Host information:
[06/10/24 20:04:53] crowsnest: Host Info: Distribution: Debian GNU/Linux 11 (bullseye)
[06/10/24 20:04:53] crowsnest: Host Info: Release: MainsailOS release 1.3.2 (bullseye)
[06/10/24 20:04:53] crowsnest: Host Info: Kernel: Linux 6.1.21-v8+ aarch64
[06/10/24 20:04:53] crowsnest: Host Info: Model:  Raspberry Pi 4 Model B Rev 1.5
[06/10/24 20:04:53] crowsnest: Host Info: Available CPU Cores: 4
[06/10/24 20:04:53] crowsnest: Host Info: Available Memory: 3705536 kB
[06/10/24 20:04:53] crowsnest: Host Info: Diskspace (avail. / total): 52G / 59G
[06/10/24 20:04:53] crowsnest: INFO: Checking Dependencies
[06/10/24 20:04:53] crowsnest: Dependency: 'crudini' found in /usr/bin/crudini.
[06/10/24 20:04:53] crowsnest: Dependency: 'find' found in /usr/bin/find.
[06/10/24 20:04:53] crowsnest: Dependency: 'xargs' found in /usr/bin/xargs.
[06/10/24 20:04:53] crowsnest: Dependency: 'ustreamer' found in bin/ustreamer/ustreamer.
[06/10/24 20:04:53] crowsnest: Dependency: 'camera-streamer' found in bin/camera-streamer/camera-streamer.
[06/10/24 20:04:53] crowsnest: Version Control: ustreamer is up to date. (v5.48)
[06/10/24 20:04:53] crowsnest: Version Control: camera-streamer is up to date. ((f1627aa))
[06/10/24 20:04:53] crowsnest: INFO: Print Configfile: '/home/pi/printer_data/config/crowsnest.conf'
[06/10/24 20:04:53] crowsnest:		[crowsnest]
[06/10/24 20:04:53] crowsnest:		log_path: /home/pi/printer_data/logs/crowsnest.log
[06/10/24 20:04:53] crowsnest:		log_level: verbose
[06/10/24 20:04:53] crowsnest:		delete_log: false
[06/10/24 20:04:53] crowsnest:		no_proxy: false
[06/10/24 20:04:53] crowsnest:		
[06/10/24 20:04:53] crowsnest:		[cam 1]
[06/10/24 20:04:53] crowsnest:		mode: ustreamer
[06/10/24 20:04:53] crowsnest:		
[06/10/24 20:04:53] crowsnest:		enable_rtsp: false
[06/10/24 20:04:53] crowsnest:		rtsp_port: 8554
[06/10/24 20:04:53] crowsnest:		port: 8080
[06/10/24 20:04:53] crowsnest:		device: /dev/video0
[06/10/24 20:04:53] crowsnest:		resolution: 640x480
[06/10/24 20:04:53] crowsnest:		max_fps: 15
[06/10/24 20:04:53] crowsnest: INFO: Detect available Devices
[06/10/24 20:04:53] crowsnest: ERROR: No usable Devices Found. Stopping crowsnest.
[06/10/24 20:04:59] crowsnest: crowsnest - A webcam Service for multiple Cams and Stream Services.
[06/10/24 20:04:59] crowsnest: Version: v4.1.3-1-gc0c9c41
[06/10/24 20:04:59] crowsnest: Prepare Startup ...
[06/10/24 20:04:59] crowsnest: INFO: Host information:
[06/10/24 20:04:59] crowsnest: Host Info: Distribution: Debian GNU/Linux 11 (bullseye)
[06/10/24 20:04:59] crowsnest: Host Info: Release: MainsailOS release 1.3.2 (bullseye)
[06/10/24 20:04:59] crowsnest: Host Info: Kernel: Linux 6.1.21-v8+ aarch64
[06/10/24 20:04:59] crowsnest: Host Info: Model:  Raspberry Pi 4 Model B Rev 1.5
[06/10/24 20:04:59] crowsnest: Host Info: Available CPU Cores: 4
[06/10/24 20:04:59] crowsnest: Host Info: Available Memory: 3705536 kB
[06/10/24 20:04:59] crowsnest: Host Info: Diskspace (avail. / total): 52G / 59G
[06/10/24 20:04:59] crowsnest: INFO: Checking Dependencies
[06/10/24 20:04:59] crowsnest: Dependency: 'crudini' found in /usr/bin/crudini.
[06/10/24 20:04:59] crowsnest: Dependency: 'find' found in /usr/bin/find.
[06/10/24 20:04:59] crowsnest: Dependency: 'xargs' found in /usr/bin/xargs.
[06/10/24 20:04:59] crowsnest: Dependency: 'ustreamer' found in bin/ustreamer/ustreamer.
[06/10/24 20:04:59] crowsnest: Dependency: 'camera-streamer' found in bin/camera-streamer/camera-streamer.
[06/10/24 20:04:59] crowsnest: Version Control: ustreamer is up to date. (v5.48)
[06/10/24 20:05:00] crowsnest: Version Control: camera-streamer is up to date. ((f1627aa))
[06/10/24 20:05:00] crowsnest: INFO: Print Configfile: '/home/pi/printer_data/config/crowsnest.conf'
[06/10/24 20:05:00] crowsnest:		[crowsnest]
[06/10/24 20:05:00] crowsnest:		log_path: /home/pi/printer_data/logs/crowsnest.log
[06/10/24 20:05:00] crowsnest:		log_level: verbose
[06/10/24 20:05:00] crowsnest:		delete_log: false
[06/10/24 20:05:00] crowsnest:		no_proxy: false
[06/10/24 20:05:00] crowsnest:		
[06/10/24 20:05:00] crowsnest:		[cam 1]
[06/10/24 20:05:00] crowsnest:		mode: ustreamer
[06/10/24 20:05:00] crowsnest:		
[06/10/24 20:05:00] crowsnest:		enable_rtsp: false
[06/10/24 20:05:00] crowsnest:		rtsp_port: 8554
[06/10/24 20:05:00] crowsnest:		port: 8080
[06/10/24 20:05:00] crowsnest:		device: /dev/video0
[06/10/24 20:05:00] crowsnest:		resolution: 640x480
[06/10/24 20:05:00] crowsnest:		max_fps: 15
[06/10/24 20:05:00] crowsnest: INFO: Detect available Devices
[06/10/24 20:05:00] crowsnest: ERROR: No usable Devices Found. Stopping crowsnest.
[06/10/24 20:05:05] crowsnest: crowsnest - A webcam Service for multiple Cams and Stream Services.
[06/10/24 20:05:05] crowsnest: Version: v4.1.3-1-gc0c9c41
[06/10/24 20:05:05] crowsnest: Prepare Startup ...
[06/10/24 20:05:06] crowsnest: INFO: Host information:
[06/10/24 20:05:06] crowsnest: Host Info: Distribution: Debian GNU/Linux 11 (bullseye)
[06/10/24 20:05:06] crowsnest: Host Info: Release: MainsailOS release 1.3.2 (bullseye)
[06/10/24 20:05:06] crowsnest: Host Info: Kernel: Linux 6.1.21-v8+ aarch64
[06/10/24 20:05:06] crowsnest: Host Info: Model:  Raspberry Pi 4 Model B Rev 1.5
[06/10/24 20:05:06] crowsnest: Host Info: Available CPU Cores: 4
[06/10/24 20:05:06] crowsnest: Host Info: Available Memory: 3705536 kB
[06/10/24 20:05:06] crowsnest: Host Info: Diskspace (avail. / total): 52G / 59G
[06/10/24 20:05:06] crowsnest: INFO: Checking Dependencies
[06/10/24 20:05:06] crowsnest: Dependency: 'crudini' found in /usr/bin/crudini.
[06/10/24 20:05:06] crowsnest: Dependency: 'find' found in /usr/bin/find.
[06/10/24 20:05:06] crowsnest: Dependency: 'xargs' found in /usr/bin/xargs.
[06/10/24 20:05:06] crowsnest: Dependency: 'ustreamer' found in bin/ustreamer/ustreamer.
[06/10/24 20:05:06] crowsnest: Dependency: 'camera-streamer' found in bin/camera-streamer/camera-streamer.
[06/10/24 20:05:06] crowsnest: Version Control: ustreamer is up to date. (v5.48)
[06/10/24 20:05:06] crowsnest: Version Control: camera-streamer is up to date. ((f1627aa))
[06/10/24 20:05:06] crowsnest: INFO: Print Configfile: '/home/pi/printer_data/config/crowsnest.conf'
[06/10/24 20:05:06] crowsnest:		[crowsnest]
[06/10/24 20:05:06] crowsnest:		log_path: /home/pi/printer_data/logs/crowsnest.log
[06/10/24 20:05:06] crowsnest:		log_level: verbose
[06/10/24 20:05:06] crowsnest:		delete_log: false
[06/10/24 20:05:06] crowsnest:		no_proxy: false
[06/10/24 20:05:06] crowsnest:		
[06/10/24 20:05:06] crowsnest:		[cam 1]
[06/10/24 20:05:06] crowsnest:		mode: ustreamer
[06/10/24 20:05:06] crowsnest:		
[06/10/24 20:05:06] crowsnest:		enable_rtsp: false
[06/10/24 20:05:06] crowsnest:		rtsp_port: 8554
[06/10/24 20:05:06] crowsnest:		port: 8080
[06/10/24 20:05:06] crowsnest:		device: /dev/video0
[06/10/24 20:05:06] crowsnest:		resolution: 640x480
[06/10/24 20:05:06] crowsnest:		max_fps: 15
[06/10/24 20:05:06] crowsnest: INFO: Detect available Devices
[06/10/24 20:05:06] crowsnest: ERROR: No usable Devices Found. Stopping crowsnest.
[06/10/24 20:05:12] crowsnest: crowsnest - A webcam Service for multiple Cams and Stream Services.
[06/10/24 20:05:12] crowsnest: Version: v4.1.3-1-gc0c9c41
[06/10/24 20:05:12] crowsnest: Prepare Startup ...
[06/10/24 20:05:12] crowsnest: INFO: Host information:
[06/10/24 20:05:12] crowsnest: Host Info: Distribution: Debian GNU/Linux 11 (bullseye)
[06/10/24 20:05:12] crowsnest: Host Info: Release: MainsailOS release 1.3.2 (bullseye)
[06/10/24 20:05:12] crowsnest: Host Info: Kernel: Linux 6.1.21-v8+ aarch64
[06/10/24 20:05:12] crowsnest: Host Info: Model:  Raspberry Pi 4 Model B Rev 1.5
[06/10/24 20:05:12] crowsnest: Host Info: Available CPU Cores: 4
[06/10/24 20:05:12] crowsnest: Host Info: Available Memory: 3705536 kB
[06/10/24 20:05:12] crowsnest: Host Info: Diskspace (avail. / total): 52G / 59G
[06/10/24 20:05:12] crowsnest: INFO: Checking Dependencies
[06/10/24 20:05:12] crowsnest: Dependency: 'crudini' found in /usr/bin/crudini.
[06/10/24 20:05:12] crowsnest: Dependency: 'find' found in /usr/bin/find.
[06/10/24 20:05:12] crowsnest: Dependency: 'xargs' found in /usr/bin/xargs.
[06/10/24 20:05:12] crowsnest: Dependency: 'ustreamer' found in bin/ustreamer/ustreamer.
[06/10/24 20:05:12] crowsnest: Dependency: 'camera-streamer' found in bin/camera-streamer/camera-streamer.
[06/10/24 20:05:12] crowsnest: Version Control: ustreamer is up to date. (v5.48)
[06/10/24 20:05:12] crowsnest: Version Control: camera-streamer is up to date. ((f1627aa))
[06/10/24 20:05:12] crowsnest: INFO: Print Configfile: '/home/pi/printer_data/config/crowsnest.conf'
[06/10/24 20:05:12] crowsnest:		[crowsnest]
[06/10/24 20:05:12] crowsnest:		log_path: /home/pi/printer_data/logs/crowsnest.log
[06/10/24 20:05:12] crowsnest:		log_level: verbose
[06/10/24 20:05:12] crowsnest:		delete_log: false
[06/10/24 20:05:12] crowsnest:		no_proxy: false
[06/10/24 20:05:12] crowsnest:		
[06/10/24 20:05:12] crowsnest:		[cam 1]
[06/10/24 20:05:12] crowsnest:		mode: ustreamer
[06/10/24 20:05:12] crowsnest:		
[06/10/24 20:05:12] crowsnest:		enable_rtsp: false
[06/10/24 20:05:12] crowsnest:		rtsp_port: 8554
[06/10/24 20:05:12] crowsnest:		port: 8080
[06/10/24 20:05:12] crowsnest:		device: /dev/video0
[06/10/24 20:05:12] crowsnest:		resolution: 640x480
[06/10/24 20:05:12] crowsnest:		max_fps: 15
[06/10/24 20:05:12] crowsnest: INFO: Detect available Devices
[06/10/24 20:05:12] crowsnest: ERROR: No usable Devices Found. Stopping crowsnest.
[06/10/24 20:05:18] crowsnest: crowsnest - A webcam Service for multiple Cams and Stream Services.
[06/10/24 20:05:18] crowsnest: Version: v4.1.3-1-gc0c9c41
[06/10/24 20:05:18] crowsnest: Prepare Startup ...
[06/10/24 20:05:18] crowsnest: INFO: Host information:
[06/10/24 20:05:18] crowsnest: Host Info: Distribution: Debian GNU/Linux 11 (bullseye)
[06/10/24 20:05:18] crowsnest: Host Info: Release: MainsailOS release 1.3.2 (bullseye)
[06/10/24 20:05:18] crowsnest: Host Info: Kernel: Linux 6.1.21-v8+ aarch64
[06/10/24 20:05:18] crowsnest: Host Info: Model:  Raspberry Pi 4 Model B Rev 1.5
[06/10/24 20:05:18] crowsnest: Host Info: Available CPU Cores: 4
[06/10/24 20:05:18] crowsnest: Host Info: Available Memory: 3705536 kB
[06/10/24 20:05:18] crowsnest: Host Info: Diskspace (avail. / total): 52G / 59G
[06/10/24 20:05:18] crowsnest: INFO: Checking Dependencies
[06/10/24 20:05:18] crowsnest: Dependency: 'crudini' found in /usr/bin/crudini.
[06/10/24 20:05:18] crowsnest: Dependency: 'find' found in /usr/bin/find.
[06/10/24 20:05:18] crowsnest: Dependency: 'xargs' found in /usr/bin/xargs.
[06/10/24 20:05:18] crowsnest: Dependency: 'ustreamer' found in bin/ustreamer/ustreamer.
[06/10/24 20:05:18] crowsnest: Dependency: 'camera-streamer' found in bin/camera-streamer/camera-streamer.
[06/10/24 20:05:18] crowsnest: Version Control: ustreamer is up to date. (v5.48)
[06/10/24 20:05:18] crowsnest: Version Control: camera-streamer is up to date. ((f1627aa))
[06/10/24 20:05:18] crowsnest: INFO: Print Configfile: '/home/pi/printer_data/config/crowsnest.conf'
[06/10/24 20:05:18] crowsnest:		[crowsnest]
[06/10/24 20:05:18] crowsnest:		log_path: /home/pi/printer_data/logs/crowsnest.log
[06/10/24 20:05:18] crowsnest:		log_level: verbose
[06/10/24 20:05:18] crowsnest:		delete_log: false
[06/10/24 20:05:18] crowsnest:		no_proxy: false
[06/10/24 20:05:18] crowsnest:		
[06/10/24 20:05:18] crowsnest:		[cam 1]
[06/10/24 20:05:18] crowsnest:		mode: ustreamer
[06/10/24 20:05:18] crowsnest:		
[06/10/24 20:05:18] crowsnest:		enable_rtsp: false
[06/10/24 20:05:18] crowsnest:		rtsp_port: 8554
[06/10/24 20:05:18] crowsnest:		port: 8080
[06/10/24 20:05:18] crowsnest:		device: /dev/video0
[06/10/24 20:05:18] crowsnest:		resolution: 640x480
[06/10/24 20:05:18] crowsnest:		max_fps: 15
[06/10/24 20:05:18] crowsnest: INFO: Detect available Devices
[06/10/24 20:05:18] crowsnest: ERROR: No usable Devices Found. Stopping crowsnest.
[06/10/24 20:05:24] crowsnest: crowsnest - A webcam Service for multiple Cams and Stream Services.
[06/10/24 20:05:24] crowsnest: Version: v4.1.3-1-gc0c9c41
[06/10/24 20:05:24] crowsnest: Prepare Startup ...
[06/10/24 20:05:24] crowsnest: INFO: Host information:
[06/10/24 20:05:24] crowsnest: Host Info: Distribution: Debian GNU/Linux 11 (bullseye)
[06/10/24 20:05:24] crowsnest: Host Info: Release: MainsailOS release 1.3.2 (bullseye)
[06/10/24 20:05:24] crowsnest: Host Info: Kernel: Linux 6.1.21-v8+ aarch64
[06/10/24 20:05:24] crowsnest: Host Info: Model:  Raspberry Pi 4 Model B Rev 1.5
[06/10/24 20:05:24] crowsnest: Host Info: Available CPU Cores: 4
[06/10/24 20:05:24] crowsnest: Host Info: Available Memory: 3705536 kB
[06/10/24 20:05:24] crowsnest: Host Info: Diskspace (avail. / total): 52G / 59G
[06/10/24 20:05:24] crowsnest: INFO: Checking Dependencies
[06/10/24 20:05:24] crowsnest: Dependency: 'crudini' found in /usr/bin/crudini.
[06/10/24 20:05:24] crowsnest: Dependency: 'find' found in /usr/bin/find.
[06/10/24 20:05:24] crowsnest: Dependency: 'xargs' found in /usr/bin/xargs.
[06/10/24 20:05:24] crowsnest: Dependency: 'ustreamer' found in bin/ustreamer/ustreamer.
[06/10/24 20:05:24] crowsnest: Dependency: 'camera-streamer' found in bin/camera-streamer/camera-streamer.
[06/10/24 20:05:24] crowsnest: Version Control: ustreamer is up to date. (v5.48)
[06/10/24 20:05:25] crowsnest: Version Control: camera-streamer is up to date. ((f1627aa))
[06/10/24 20:05:25] crowsnest: INFO: Print Configfile: '/home/pi/printer_data/config/crowsnest.conf'
[06/10/24 20:05:25] crowsnest:		[crowsnest]
[06/10/24 20:05:25] crowsnest:		log_path: /home/pi/printer_data/logs/crowsnest.log
[06/10/24 20:05:25] crowsnest:		log_level: verbose
[06/10/24 20:05:25] crowsnest:		delete_log: false
[06/10/24 20:05:25] crowsnest:		no_proxy: false
[06/10/24 20:05:25] crowsnest:		
[06/10/24 20:05:25] crowsnest:		[cam 1]
[06/10/24 20:05:25] crowsnest:		mode: ustreamer
[06/10/24 20:05:25] crowsnest:		
[06/10/24 20:05:25] crowsnest:		enable_rtsp: false
[06/10/24 20:05:25] crowsnest:		rtsp_port: 8554
[06/10/24 20:05:25] crowsnest:		port: 8080
[06/10/24 20:05:25] crowsnest:		device: /dev/video0
[06/10/24 20:05:25] crowsnest:		resolution: 640x480
[06/10/24 20:05:25] crowsnest:		max_fps: 15
[06/10/24 20:05:25] crowsnest: INFO: Detect available Devices
[06/10/24 20:05:25] crowsnest: ERROR: No usable Devices Found. Stopping crowsnest.
[06/10/24 20:10:29] crowsnest: crowsnest - A webcam Service for multiple Cams and Stream Services.
[06/10/24 20:10:29] crowsnest: Version: v4.1.9-1-gd75a3ae
[06/10/24 20:10:29] crowsnest: Prepare Startup ...
[06/10/24 20:10:29] crowsnest: INFO: Host information:
[06/10/24 20:10:29] crowsnest: Host Info: Distribution: Debian GNU/Linux 11 (bullseye)
[06/10/24 20:10:29] crowsnest: Host Info: Release: MainsailOS release 1.3.2 (bullseye)
[06/10/24 20:10:29] crowsnest: Host Info: Kernel: Linux 6.1.21-v8+ aarch64
[06/10/24 20:10:29] crowsnest: Host Info: Model:  Raspberry Pi 4 Model B Rev 1.5
[06/10/24 20:10:29] crowsnest: Host Info: Available CPU Cores: 4
[06/10/24 20:10:29] crowsnest: Host Info: Available Memory: 3705536 kB
[06/10/24 20:10:29] crowsnest: Host Info: Diskspace (avail. / total): 51G / 59G
[06/10/24 20:10:29] crowsnest: INFO: Checking Dependencies
[06/10/24 20:10:29] crowsnest: Dependency: 'crudini' found in /usr/bin/crudini.
[06/10/24 20:10:29] crowsnest: Dependency: 'find' found in /usr/bin/find.
[06/10/24 20:10:29] crowsnest: Dependency: 'xargs' found in /usr/bin/xargs.
[06/10/24 20:10:29] crowsnest: Dependency: 'ustreamer' found in bin/ustreamer/src/ustreamer.bin.
[06/10/24 20:10:29] crowsnest: Dependency: 'camera-streamer' found in bin/camera-streamer/camera-streamer.
[06/10/24 20:10:29] crowsnest: Version Control: ustreamer is up to date. (v5.48)
[06/10/24 20:10:29] crowsnest: Version Control: camera-streamer is up to date. ((f1627aa))
[06/10/24 20:10:29] crowsnest: INFO: Print Configfile: '/home/pi/printer_data/config/crowsnest.conf'
[06/10/24 20:10:29] crowsnest:		[crowsnest]
[06/10/24 20:10:29] crowsnest:		log_path: /home/pi/printer_data/logs/crowsnest.log
[06/10/24 20:10:29] crowsnest:		log_level: verbose
[06/10/24 20:10:29] crowsnest:		delete_log: false
[06/10/24 20:10:29] crowsnest:		no_proxy: false
[06/10/24 20:10:29] crowsnest:		
[06/10/24 20:10:29] crowsnest:		[cam 1]
[06/10/24 20:10:29] crowsnest:		mode: ustreamer
[06/10/24 20:10:29] crowsnest:		
[06/10/24 20:10:29] crowsnest:		enable_rtsp: false
[06/10/24 20:10:29] crowsnest:		rtsp_port: 8554
[06/10/24 20:10:29] crowsnest:		port: 8080
[06/10/24 20:10:29] crowsnest:		device: /dev/video0
[06/10/24 20:10:29] crowsnest:		resolution: 640x480
[06/10/24 20:10:29] crowsnest:		max_fps: 15
[06/10/24 20:10:29] crowsnest: INFO: Detect available Devices
[06/10/24 20:10:30] crowsnest: ERROR: No usable Devices Found. Stopping crowsnest.
[06/10/24 20:10:35] crowsnest: crowsnest - A webcam Service for multiple Cams and Stream Services.
[06/10/24 20:10:35] crowsnest: Version: v4.1.9-1-gd75a3ae
[06/10/24 20:10:35] crowsnest: Prepare Startup ...
[06/10/24 20:10:35] crowsnest: INFO: Host information:
[06/10/24 20:10:35] crowsnest: Host Info: Distribution: Debian GNU/Linux 11 (bullseye)
[06/10/24 20:10:35] crowsnest: Host Info: Release: MainsailOS release 1.3.2 (bullseye)
[06/10/24 20:10:35] crowsnest: Host Info: Kernel: Linux 6.1.21-v8+ aarch64
[06/10/24 20:10:35] crowsnest: Host Info: Model:  Raspberry Pi 4 Model B Rev 1.5
[06/10/24 20:10:35] crowsnest: Host Info: Available CPU Cores: 4
[06/10/24 20:10:35] crowsnest: Host Info: Available Memory: 3705536 kB
[06/10/24 20:10:35] crowsnest: Host Info: Diskspace (avail. / total): 51G / 59G
[06/10/24 20:10:35] crowsnest: INFO: Checking Dependencies
[06/10/24 20:10:35] crowsnest: Dependency: 'crudini' found in /usr/bin/crudini.
[06/10/24 20:10:35] crowsnest: Dependency: 'find' found in /usr/bin/find.
[06/10/24 20:10:35] crowsnest: Dependency: 'xargs' found in /usr/bin/xargs.
[06/10/24 20:10:35] crowsnest: Dependency: 'ustreamer' found in bin/ustreamer/src/ustreamer.bin.
[06/10/24 20:10:36] crowsnest: Dependency: 'camera-streamer' found in bin/camera-streamer/camera-streamer.
[06/10/24 20:10:36] crowsnest: Version Control: ustreamer is up to date. (v5.48)
[06/10/24 20:10:36] crowsnest: Version Control: camera-streamer is up to date. ((f1627aa))
[06/10/24 20:10:36] crowsnest: INFO: Print Configfile: '/home/pi/printer_data/config/crowsnest.conf'
[06/10/24 20:10:36] crowsnest:		[crowsnest]
[06/10/24 20:10:36] crowsnest:		log_path: /home/pi/printer_data/logs/crowsnest.log
[06/10/24 20:10:36] crowsnest:		log_level: verbose
[06/10/24 20:10:36] crowsnest:		delete_log: false
[06/10/24 20:10:36] crowsnest:		no_proxy: false
[06/10/24 20:10:36] crowsnest:		
[06/10/24 20:10:36] crowsnest:		[cam 1]
[06/10/24 20:10:36] crowsnest:		mode: ustreamer
[06/10/24 20:10:36] crowsnest:		
[06/10/24 20:10:36] crowsnest:		enable_rtsp: false
[06/10/24 20:10:36] crowsnest:		rtsp_port: 8554
[06/10/24 20:10:36] crowsnest:		port: 8080
[06/10/24 20:10:36] crowsnest:		device: /dev/video0
[06/10/24 20:10:36] crowsnest:		resolution: 640x480
[06/10/24 20:10:36] crowsnest:		max_fps: 15
[06/10/24 20:10:36] crowsnest: INFO: Detect available Devices
[06/10/24 20:10:36] crowsnest: ERROR: No usable Devices Found. Stopping crowsnest.
[06/10/24 20:10:42] crowsnest: crowsnest - A webcam Service for multiple Cams and Stream Services.
[06/10/24 20:10:42] crowsnest: Version: v4.1.9-1-gd75a3ae
[06/10/24 20:10:42] crowsnest: Prepare Startup ...
[06/10/24 20:10:42] crowsnest: INFO: Host information:
[06/10/24 20:10:42] crowsnest: Host Info: Distribution: Debian GNU/Linux 11 (bullseye)
[06/10/24 20:10:42] crowsnest: Host Info: Release: MainsailOS release 1.3.2 (bullseye)
[06/10/24 20:10:42] crowsnest: Host Info: Kernel: Linux 6.1.21-v8+ aarch64
[06/10/24 20:10:42] crowsnest: Host Info: Model:  Raspberry Pi 4 Model B Rev 1.5
[06/10/24 20:10:42] crowsnest: Host Info: Available CPU Cores: 4
[06/10/24 20:10:42] crowsnest: Host Info: Available Memory: 3705536 kB
[06/10/24 20:10:42] crowsnest: Host Info: Diskspace (avail. / total): 51G / 59G
[06/10/24 20:10:42] crowsnest: INFO: Checking Dependencies
[06/10/24 20:10:42] crowsnest: Dependency: 'crudini' found in /usr/bin/crudini.
[06/10/24 20:10:42] crowsnest: Dependency: 'find' found in /usr/bin/find.
[06/10/24 20:10:42] crowsnest: Dependency: 'xargs' found in /usr/bin/xargs.
[06/10/24 20:10:42] crowsnest: Dependency: 'ustreamer' found in bin/ustreamer/src/ustreamer.bin.
[06/10/24 20:10:42] crowsnest: Dependency: 'camera-streamer' found in bin/camera-streamer/camera-streamer.
[06/10/24 20:10:42] crowsnest: Version Control: ustreamer is up to date. (v5.48)
[06/10/24 20:10:42] crowsnest: Version Control: camera-streamer is up to date. ((f1627aa))
[06/10/24 20:10:42] crowsnest: INFO: Print Configfile: '/home/pi/printer_data/config/crowsnest.conf'
[06/10/24 20:10:42] crowsnest:		[crowsnest]
[06/10/24 20:10:42] crowsnest:		log_path: /home/pi/printer_data/logs/crowsnest.log
[06/10/24 20:10:42] crowsnest:		log_level: verbose
[06/10/24 20:10:42] crowsnest:		delete_log: false
[06/10/24 20:10:42] crowsnest:		no_proxy: false
[06/10/24 20:10:42] crowsnest:		
[06/10/24 20:10:42] crowsnest:		[cam 1]
[06/10/24 20:10:42] crowsnest:		mode: ustreamer
[06/10/24 20:10:42] crowsnest:		
[06/10/24 20:10:42] crowsnest:		enable_rtsp: false
[06/10/24 20:10:42] crowsnest:		rtsp_port: 8554
[06/10/24 20:10:42] crowsnest:		port: 8080
[06/10/24 20:10:42] crowsnest:		device: /dev/video0
[06/10/24 20:10:42] crowsnest:		resolution: 640x480
[06/10/24 20:10:42] crowsnest:		max_fps: 15
[06/10/24 20:10:42] crowsnest: INFO: Detect available Devices
[06/10/24 20:10:42] crowsnest: ERROR: No usable Devices Found. Stopping crowsnest.
[06/10/24 20:10:48] crowsnest: crowsnest - A webcam Service for multiple Cams and Stream Services.
[06/10/24 20:10:48] crowsnest: Version: v4.1.9-1-gd75a3ae
[06/10/24 20:10:48] crowsnest: Prepare Startup ...
[06/10/24 20:10:48] crowsnest: INFO: Host information:
[06/10/24 20:10:48] crowsnest: Host Info: Distribution: Debian GNU/Linux 11 (bullseye)
[06/10/24 20:10:48] crowsnest: Host Info: Release: MainsailOS release 1.3.2 (bullseye)
[06/10/24 20:10:48] crowsnest: Host Info: Kernel: Linux 6.1.21-v8+ aarch64
[06/10/24 20:10:48] crowsnest: Host Info: Model:  Raspberry Pi 4 Model B Rev 1.5
[06/10/24 20:10:48] crowsnest: Host Info: Available CPU Cores: 4
[06/10/24 20:10:48] crowsnest: Host Info: Available Memory: 3705536 kB
[06/10/24 20:10:48] crowsnest: Host Info: Diskspace (avail. / total): 51G / 59G
[06/10/24 20:10:48] crowsnest: INFO: Checking Dependencies
[06/10/24 20:10:48] crowsnest: Dependency: 'crudini' found in /usr/bin/crudini.
[06/10/24 20:10:48] crowsnest: Dependency: 'find' found in /usr/bin/find.
[06/10/24 20:10:48] crowsnest: Dependency: 'xargs' found in /usr/bin/xargs.
[06/10/24 20:10:48] crowsnest: Dependency: 'ustreamer' found in bin/ustreamer/src/ustreamer.bin.
[06/10/24 20:10:48] crowsnest: Dependency: 'camera-streamer' found in bin/camera-streamer/camera-streamer.
[06/10/24 20:10:48] crowsnest: Version Control: ustreamer is up to date. (v5.48)
[06/10/24 20:10:48] crowsnest: Version Control: camera-streamer is up to date. ((f1627aa))
[06/10/24 20:10:48] crowsnest: INFO: Print Configfile: '/home/pi/printer_data/config/crowsnest.conf'
[06/10/24 20:10:48] crowsnest:		[crowsnest]
[06/10/24 20:10:48] crowsnest:		log_path: /home/pi/printer_data/logs/crowsnest.log
[06/10/24 20:10:48] crowsnest:		log_level: verbose
[06/10/24 20:10:48] crowsnest:		delete_log: false
[06/10/24 20:10:48] crowsnest:		no_proxy: false
[06/10/24 20:10:48] crowsnest:		
[06/10/24 20:10:48] crowsnest:		[cam 1]
[06/10/24 20:10:48] crowsnest:		mode: ustreamer
[06/10/24 20:10:48] crowsnest:		
[06/10/24 20:10:48] crowsnest:		enable_rtsp: false
[06/10/24 20:10:48] crowsnest:		rtsp_port: 8554
[06/10/24 20:10:48] crowsnest:		port: 8080
[06/10/24 20:10:48] crowsnest:		device: /dev/video0
[06/10/24 20:10:48] crowsnest:		resolution: 640x480
[06/10/24 20:10:48] crowsnest:		max_fps: 15
[06/10/24 20:10:48] crowsnest: INFO: Detect available Devices
[06/10/24 20:10:48] crowsnest: ERROR: No usable Devices Found. Stopping crowsnest.
[06/10/24 20:10:54] crowsnest: crowsnest - A webcam Service for multiple Cams and Stream Services.
[06/10/24 20:10:54] crowsnest: Version: v4.1.9-1-gd75a3ae
[06/10/24 20:10:54] crowsnest: Prepare Startup ...
[06/10/24 20:10:54] crowsnest: INFO: Host information:
[06/10/24 20:10:54] crowsnest: Host Info: Distribution: Debian GNU/Linux 11 (bullseye)
[06/10/24 20:10:54] crowsnest: Host Info: Release: MainsailOS release 1.3.2 (bullseye)
[06/10/24 20:10:54] crowsnest: Host Info: Kernel: Linux 6.1.21-v8+ aarch64
[06/10/24 20:10:54] crowsnest: Host Info: Model:  Raspberry Pi 4 Model B Rev 1.5
[06/10/24 20:10:54] crowsnest: Host Info: Available CPU Cores: 4
[06/10/24 20:10:54] crowsnest: Host Info: Available Memory: 3705536 kB
[06/10/24 20:10:54] crowsnest: Host Info: Diskspace (avail. / total): 51G / 59G
[06/10/24 20:10:54] crowsnest: INFO: Checking Dependencies
[06/10/24 20:10:54] crowsnest: Dependency: 'crudini' found in /usr/bin/crudini.
[06/10/24 20:10:54] crowsnest: Dependency: 'find' found in /usr/bin/find.
[06/10/24 20:10:54] crowsnest: Dependency: 'xargs' found in /usr/bin/xargs.
[06/10/24 20:10:54] crowsnest: Dependency: 'ustreamer' found in bin/ustreamer/src/ustreamer.bin.
[06/10/24 20:10:54] crowsnest: Dependency: 'camera-streamer' found in bin/camera-streamer/camera-streamer.
[06/10/24 20:10:54] crowsnest: Version Control: ustreamer is up to date. (v5.48)
[06/10/24 20:10:54] crowsnest: Version Control: camera-streamer is up to date. ((f1627aa))
[06/10/24 20:10:54] crowsnest: INFO: Print Configfile: '/home/pi/printer_data/config/crowsnest.conf'
[06/10/24 20:10:54] crowsnest:		[crowsnest]
[06/10/24 20:10:54] crowsnest:		log_path: /home/pi/printer_data/logs/crowsnest.log
[06/10/24 20:10:54] crowsnest:		log_level: verbose
[06/10/24 20:10:54] crowsnest:		delete_log: false
[06/10/24 20:10:54] crowsnest:		no_proxy: false
[06/10/24 20:10:54] crowsnest:		
[06/10/24 20:10:54] crowsnest:		[cam 1]
[06/10/24 20:10:54] crowsnest:		mode: ustreamer
[06/10/24 20:10:54] crowsnest:		
[06/10/24 20:10:54] crowsnest:		enable_rtsp: false
[06/10/24 20:10:54] crowsnest:		rtsp_port: 8554
[06/10/24 20:10:54] crowsnest:		port: 8080
[06/10/24 20:10:54] crowsnest:		device: /dev/video0
[06/10/24 20:10:54] crowsnest:		resolution: 640x480
[06/10/24 20:10:54] crowsnest:		max_fps: 15
[06/10/24 20:10:54] crowsnest: INFO: Detect available Devices
[06/10/24 20:10:55] crowsnest: ERROR: No usable Devices Found. Stopping crowsnest.
[06/10/24 20:11:00] crowsnest: crowsnest - A webcam Service for multiple Cams and Stream Services.
[06/10/24 20:11:00] crowsnest: Version: v4.1.9-1-gd75a3ae
[06/10/24 20:11:00] crowsnest: Prepare Startup ...
[06/10/24 20:11:00] crowsnest: INFO: Host information:
[06/10/24 20:11:00] crowsnest: Host Info: Distribution: Debian GNU/Linux 11 (bullseye)
[06/10/24 20:11:00] crowsnest: Host Info: Release: MainsailOS release 1.3.2 (bullseye)
[06/10/24 20:11:00] crowsnest: Host Info: Kernel: Linux 6.1.21-v8+ aarch64
[06/10/24 20:11:00] crowsnest: Host Info: Model:  Raspberry Pi 4 Model B Rev 1.5
[06/10/24 20:11:00] crowsnest: Host Info: Available CPU Cores: 4
[06/10/24 20:11:00] crowsnest: Host Info: Available Memory: 3705536 kB
[06/10/24 20:11:00] crowsnest: Host Info: Diskspace (avail. / total): 51G / 59G
[06/10/24 20:11:00] crowsnest: INFO: Checking Dependencies
[06/10/24 20:11:00] crowsnest: Dependency: 'crudini' found in /usr/bin/crudini.
[06/10/24 20:11:00] crowsnest: Dependency: 'find' found in /usr/bin/find.
[06/10/24 20:11:00] crowsnest: Dependency: 'xargs' found in /usr/bin/xargs.
[06/10/24 20:11:00] crowsnest: Dependency: 'ustreamer' found in bin/ustreamer/src/ustreamer.bin.
[06/10/24 20:11:00] crowsnest: Dependency: 'camera-streamer' found in bin/camera-streamer/camera-streamer.
[06/10/24 20:11:00] crowsnest: Version Control: ustreamer is up to date. (v5.48)
[06/10/24 20:11:01] crowsnest: Version Control: camera-streamer is up to date. ((f1627aa))
[06/10/24 20:11:01] crowsnest: INFO: Print Configfile: '/home/pi/printer_data/config/crowsnest.conf'
[06/10/24 20:11:01] crowsnest:		[crowsnest]
[06/10/24 20:11:01] crowsnest:		log_path: /home/pi/printer_data/logs/crowsnest.log
[06/10/24 20:11:01] crowsnest:		log_level: verbose
[06/10/24 20:11:01] crowsnest:		delete_log: false
[06/10/24 20:11:01] crowsnest:		no_proxy: false
[06/10/24 20:11:01] crowsnest:		
[06/10/24 20:11:01] crowsnest:		[cam 1]
[06/10/24 20:11:01] crowsnest:		mode: ustreamer
[06/10/24 20:11:01] crowsnest:		
[06/10/24 20:11:01] crowsnest:		enable_rtsp: false
[06/10/24 20:11:01] crowsnest:		rtsp_port: 8554
[06/10/24 20:11:01] crowsnest:		port: 8080
[06/10/24 20:11:01] crowsnest:		device: /dev/video0
[06/10/24 20:11:01] crowsnest:		resolution: 640x480
[06/10/24 20:11:01] crowsnest:		max_fps: 15
[06/10/24 20:11:01] crowsnest: INFO: Detect available Devices
[06/10/24 20:11:01] crowsnest: ERROR: No usable Devices Found. Stopping crowsnest.
[06/10/24 20:11:07] crowsnest: crowsnest - A webcam Service for multiple Cams and Stream Services.
[06/10/24 20:11:07] crowsnest: Version: v4.1.9-1-gd75a3ae
[06/10/24 20:11:07] crowsnest: Prepare Startup ...
[06/10/24 20:11:07] crowsnest: INFO: Host information:
[06/10/24 20:11:07] crowsnest: Host Info: Distribution: Debian GNU/Linux 11 (bullseye)
[06/10/24 20:11:07] crowsnest: Host Info: Release: MainsailOS release 1.3.2 (bullseye)
[06/10/24 20:11:07] crowsnest: Host Info: Kernel: Linux 6.1.21-v8+ aarch64
[06/10/24 20:11:07] crowsnest: Host Info: Model:  Raspberry Pi 4 Model B Rev 1.5
[06/10/24 20:11:07] crowsnest: Host Info: Available CPU Cores: 4
[06/10/24 20:11:07] crowsnest: Host Info: Available Memory: 3705536 kB
[06/10/24 20:11:07] crowsnest: Host Info: Diskspace (avail. / total): 51G / 59G
[06/10/24 20:11:07] crowsnest: INFO: Checking Dependencies
[06/10/24 20:11:07] crowsnest: Dependency: 'crudini' found in /usr/bin/crudini.
[06/10/24 20:11:07] crowsnest: Dependency: 'find' found in /usr/bin/find.
[06/10/24 20:11:07] crowsnest: Dependency: 'xargs' found in /usr/bin/xargs.
[06/10/24 20:11:07] crowsnest: Dependency: 'ustreamer' found in bin/ustreamer/src/ustreamer.bin.
[06/10/24 20:11:07] crowsnest: Dependency: 'camera-streamer' found in bin/camera-streamer/camera-streamer.
[06/10/24 20:11:07] crowsnest: Version Control: ustreamer is up to date. (v5.48)
[06/10/24 20:11:07] crowsnest: Version Control: camera-streamer is up to date. ((f1627aa))
[06/10/24 20:11:07] crowsnest: INFO: Print Configfile: '/home/pi/printer_data/config/crowsnest.conf'
[06/10/24 20:11:07] crowsnest:		[crowsnest]
[06/10/24 20:11:07] crowsnest:		log_path: /home/pi/printer_data/logs/crowsnest.log
[06/10/24 20:11:07] crowsnest:		log_level: verbose
[06/10/24 20:11:07] crowsnest:		delete_log: false
[06/10/24 20:11:07] crowsnest:		no_proxy: false
[06/10/24 20:11:07] crowsnest:		
[06/10/24 20:11:07] crowsnest:		[cam 1]
[06/10/24 20:11:07] crowsnest:		mode: ustreamer
[06/10/24 20:11:07] crowsnest:		
[06/10/24 20:11:07] crowsnest:		enable_rtsp: false
[06/10/24 20:11:07] crowsnest:		rtsp_port: 8554
[06/10/24 20:11:07] crowsnest:		port: 8080
[06/10/24 20:11:07] crowsnest:		device: /dev/video0
[06/10/24 20:11:07] crowsnest:		resolution: 640x480
[06/10/24 20:11:07] crowsnest:		max_fps: 15
[06/10/24 20:11:07] crowsnest: INFO: Detect available Devices
[06/10/24 20:11:07] crowsnest: ERROR: No usable Devices Found. Stopping crowsnest.
[06/10/24 20:11:13] crowsnest: crowsnest - A webcam Service for multiple Cams and Stream Services.
[06/10/24 20:11:13] crowsnest: Version: v4.1.9-1-gd75a3ae
[06/10/24 20:11:13] crowsnest: Prepare Startup ...
[06/10/24 20:11:13] crowsnest: INFO: Host information:
[06/10/24 20:11:13] crowsnest: Host Info: Distribution: Debian GNU/Linux 11 (bullseye)
[06/10/24 20:11:13] crowsnest: Host Info: Release: MainsailOS release 1.3.2 (bullseye)
[06/10/24 20:11:13] crowsnest: Host Info: Kernel: Linux 6.1.21-v8+ aarch64
[06/10/24 20:11:13] crowsnest: Host Info: Model:  Raspberry Pi 4 Model B Rev 1.5
[06/10/24 20:11:13] crowsnest: Host Info: Available CPU Cores: 4
[06/10/24 20:11:13] crowsnest: Host Info: Available Memory: 3705536 kB
[06/10/24 20:11:13] crowsnest: Host Info: Diskspace (avail. / total): 51G / 59G
[06/10/24 20:11:13] crowsnest: INFO: Checking Dependencies
[06/10/24 20:11:13] crowsnest: Dependency: 'crudini' found in /usr/bin/crudini.
[06/10/24 20:11:13] crowsnest: Dependency: 'find' found in /usr/bin/find.
[06/10/24 20:11:13] crowsnest: Dependency: 'xargs' found in /usr/bin/xargs.
[06/10/24 20:11:13] crowsnest: Dependency: 'ustreamer' found in bin/ustreamer/src/ustreamer.bin.
[06/10/24 20:11:13] crowsnest: Dependency: 'camera-streamer' found in bin/camera-streamer/camera-streamer.
[06/10/24 20:11:13] crowsnest: Version Control: ustreamer is up to date. (v5.48)
[06/10/24 20:11:13] crowsnest: Version Control: camera-streamer is up to date. ((f1627aa))
[06/10/24 20:11:13] crowsnest: INFO: Print Configfile: '/home/pi/printer_data/config/crowsnest.conf'
[06/10/24 20:11:13] crowsnest:		[crowsnest]
[06/10/24 20:11:13] crowsnest:		log_path: /home/pi/printer_data/logs/crowsnest.log
[06/10/24 20:11:13] crowsnest:		log_level: verbose
[06/10/24 20:11:13] crowsnest:		delete_log: false
[06/10/24 20:11:13] crowsnest:		no_proxy: false
[06/10/24 20:11:13] crowsnest:		
[06/10/24 20:11:13] crowsnest:		[cam 1]
[06/10/24 20:11:13] crowsnest:		mode: ustreamer
[06/10/24 20:11:13] crowsnest:		
[06/10/24 20:11:13] crowsnest:		enable_rtsp: false
[06/10/24 20:11:13] crowsnest:		rtsp_port: 8554
[06/10/24 20:11:13] crowsnest:		port: 8080
[06/10/24 20:11:13] crowsnest:		device: /dev/video0
[06/10/24 20:11:13] crowsnest:		resolution: 640x480
[06/10/24 20:11:13] crowsnest:		max_fps: 15
[06/10/24 20:11:13] crowsnest: INFO: Detect available Devices
[06/10/24 20:11:13] crowsnest: ERROR: No usable Devices Found. Stopping crowsnest.
[06/10/24 20:11:19] crowsnest: crowsnest - A webcam Service for multiple Cams and Stream Services.
[06/10/24 20:11:19] crowsnest: Version: v4.1.9-1-gd75a3ae
[06/10/24 20:11:19] crowsnest: Prepare Startup ...
[06/10/24 20:11:19] crowsnest: INFO: Host information:
[06/10/24 20:11:19] crowsnest: Host Info: Distribution: Debian GNU/Linux 11 (bullseye)
[06/10/24 20:11:19] crowsnest: Host Info: Release: MainsailOS release 1.3.2 (bullseye)
[06/10/24 20:11:19] crowsnest: Host Info: Kernel: Linux 6.1.21-v8+ aarch64
[06/10/24 20:11:19] crowsnest: Host Info: Model:  Raspberry Pi 4 Model B Rev 1.5
[06/10/24 20:11:19] crowsnest: Host Info: Available CPU Cores: 4
[06/10/24 20:11:19] crowsnest: Host Info: Available Memory: 3705536 kB
[06/10/24 20:11:19] crowsnest: Host Info: Diskspace (avail. / total): 51G / 59G
[06/10/24 20:11:19] crowsnest: INFO: Checking Dependencies
[06/10/24 20:11:19] crowsnest: Dependency: 'crudini' found in /usr/bin/crudini.
[06/10/24 20:11:19] crowsnest: Dependency: 'find' found in /usr/bin/find.
[06/10/24 20:11:19] crowsnest: Dependency: 'xargs' found in /usr/bin/xargs.
[06/10/24 20:11:19] crowsnest: Dependency: 'ustreamer' found in bin/ustreamer/src/ustreamer.bin.
[06/10/24 20:11:19] crowsnest: Dependency: 'camera-streamer' found in bin/camera-streamer/camera-streamer.
[06/10/24 20:11:19] crowsnest: Version Control: ustreamer is up to date. (v5.48)
[06/10/24 20:11:19] crowsnest: Version Control: camera-streamer is up to date. ((f1627aa))
[06/10/24 20:11:19] crowsnest: INFO: Print Configfile: '/home/pi/printer_data/config/crowsnest.conf'
[06/10/24 20:11:19] crowsnest:		[crowsnest]
[06/10/24 20:11:19] crowsnest:		log_path: /home/pi/printer_data/logs/crowsnest.log
[06/10/24 20:11:19] crowsnest:		log_level: verbose
[06/10/24 20:11:19] crowsnest:		delete_log: false
[06/10/24 20:11:19] crowsnest:		no_proxy: false
[06/10/24 20:11:19] crowsnest:		
[06/10/24 20:11:19] crowsnest:		[cam 1]
[06/10/24 20:11:19] crowsnest:		mode: ustreamer
[06/10/24 20:11:19] crowsnest:		
[06/10/24 20:11:19] crowsnest:		enable_rtsp: false
[06/10/24 20:11:19] crowsnest:		rtsp_port: 8554
[06/10/24 20:11:19] crowsnest:		port: 8080
[06/10/24 20:11:19] crowsnest:		device: /dev/video0
[06/10/24 20:11:19] crowsnest:		resolution: 640x480
[06/10/24 20:11:19] crowsnest:		max_fps: 15
[06/10/24 20:11:19] crowsnest: INFO: Detect available Devices
[06/10/24 20:11:20] crowsnest: ERROR: No usable Devices Found. Stopping crowsnest.
[06/10/24 20:11:25] crowsnest: crowsnest - A webcam Service for multiple Cams and Stream Services.
[06/10/24 20:11:25] crowsnest: Version: v4.1.9-1-gd75a3ae
[06/10/24 20:11:25] crowsnest: Prepare Startup ...
[06/10/24 20:11:25] crowsnest: INFO: Host information:
[06/10/24 20:11:25] crowsnest: Host Info: Distribution: Debian GNU/Linux 11 (bullseye)
[06/10/24 20:11:25] crowsnest: Host Info: Release: MainsailOS release 1.3.2 (bullseye)
[06/10/24 20:11:25] crowsnest: Host Info: Kernel: Linux 6.1.21-v8+ aarch64
[06/10/24 20:11:25] crowsnest: Host Info: Model:  Raspberry Pi 4 Model B Rev 1.5
[06/10/24 20:11:25] crowsnest: Host Info: Available CPU Cores: 4
[06/10/24 20:11:25] crowsnest: Host Info: Available Memory: 3705536 kB
[06/10/24 20:11:25] crowsnest: Host Info: Diskspace (avail. / total): 51G / 59G
[06/10/24 20:11:25] crowsnest: INFO: Checking Dependencies
[06/10/24 20:11:25] crowsnest: Dependency: 'crudini' found in /usr/bin/crudini.
[06/10/24 20:11:25] crowsnest: Dependency: 'find' found in /usr/bin/find.
[06/10/24 20:11:25] crowsnest: Dependency: 'xargs' found in /usr/bin/xargs.
[06/10/24 20:11:25] crowsnest: Dependency: 'ustreamer' found in bin/ustreamer/src/ustreamer.bin.
[06/10/24 20:11:26] crowsnest: Dependency: 'camera-streamer' found in bin/camera-streamer/camera-streamer.
[06/10/24 20:11:26] crowsnest: Version Control: ustreamer is up to date. (v5.48)
[06/10/24 20:11:26] crowsnest: Version Control: camera-streamer is up to date. ((f1627aa))
[06/10/24 20:11:26] crowsnest: INFO: Print Configfile: '/home/pi/printer_data/config/crowsnest.conf'
[06/10/24 20:11:26] crowsnest:		[crowsnest]
[06/10/24 20:11:26] crowsnest:		log_path: /home/pi/printer_data/logs/crowsnest.log
[06/10/24 20:11:26] crowsnest:		log_level: verbose
[06/10/24 20:11:26] crowsnest:		delete_log: false
[06/10/24 20:11:26] crowsnest:		no_proxy: false
[06/10/24 20:11:26] crowsnest:		
[06/10/24 20:11:26] crowsnest:		[cam 1]
[06/10/24 20:11:26] crowsnest:		mode: ustreamer
[06/10/24 20:11:26] crowsnest:		
[06/10/24 20:11:26] crowsnest:		enable_rtsp: false
[06/10/24 20:11:26] crowsnest:		rtsp_port: 8554
[06/10/24 20:11:26] crowsnest:		port: 8080
[06/10/24 20:11:26] crowsnest:		device: /dev/video0
[06/10/24 20:11:26] crowsnest:		resolution: 640x480
[06/10/24 20:11:26] crowsnest:		max_fps: 15
[06/10/24 20:11:26] crowsnest: INFO: Detect available Devices
[06/10/24 20:11:26] crowsnest: ERROR: No usable Devices Found. Stopping crowsnest.
[06/10/24 20:35:22] crowsnest: crowsnest - A webcam Service for multiple Cams and Stream Services.
[06/10/24 20:35:22] crowsnest: Version: v4.1.9-1-gd75a3ae
[06/10/24 20:35:22] crowsnest: Prepare Startup ...
[06/10/24 20:35:22] crowsnest: INFO: Host information:
[06/10/24 20:35:22] crowsnest: Host Info: Distribution: Debian GNU/Linux 11 (bullseye)
[06/10/24 20:35:22] crowsnest: Host Info: Release: MainsailOS release 1.3.2 (bullseye)
[06/10/24 20:35:22] crowsnest: Host Info: Kernel: Linux 6.1.21-v8+ aarch64
[06/10/24 20:35:22] crowsnest: Host Info: Model:  Raspberry Pi 4 Model B Rev 1.5
[06/10/24 20:35:22] crowsnest: Host Info: Available CPU Cores: 4
[06/10/24 20:35:22] crowsnest: Host Info: Available Memory: 3705536 kB
[06/10/24 20:35:22] crowsnest: Host Info: Diskspace (avail. / total): 51G / 59G
[06/10/24 20:35:22] crowsnest: INFO: Checking Dependencies
[06/10/24 20:35:22] crowsnest: Dependency: 'crudini' found in /usr/bin/crudini.
[06/10/24 20:35:22] crowsnest: Dependency: 'find' found in /usr/bin/find.
[06/10/24 20:35:22] crowsnest: Dependency: 'xargs' found in /usr/bin/xargs.
[06/10/24 20:35:22] crowsnest: Dependency: 'ustreamer' found in bin/ustreamer/src/ustreamer.bin.
[06/10/24 20:35:22] crowsnest: Dependency: 'camera-streamer' found in bin/camera-streamer/camera-streamer.
[06/10/24 20:35:22] crowsnest: Version Control: ustreamer is up to date. (v5.48)
[06/10/24 20:35:24] crowsnest: Version Control: camera-streamer is up to date. ((f1627aa))
[06/10/24 20:35:24] crowsnest: INFO: Print Configfile: '/home/pi/printer_data/config/crowsnest.conf'
[06/10/24 20:35:24] crowsnest:		[crowsnest]
[06/10/24 20:35:24] crowsnest:		log_path: /home/pi/printer_data/logs/crowsnest.log
[06/10/24 20:35:24] crowsnest:		log_level: verbose
[06/10/24 20:35:24] crowsnest:		delete_log: false
[06/10/24 20:35:24] crowsnest:		no_proxy: false
[06/10/24 20:35:24] crowsnest:		
[06/10/24 20:35:24] crowsnest:		[cam 1]
[06/10/24 20:35:24] crowsnest:		mode: ustreamer
[06/10/24 20:35:24] crowsnest:		
[06/10/24 20:35:24] crowsnest:		enable_rtsp: false
[06/10/24 20:35:24] crowsnest:		rtsp_port: 8554
[06/10/24 20:35:24] crowsnest:		port: 8080
[06/10/24 20:35:24] crowsnest:		device: /dev/video0
[06/10/24 20:35:24] crowsnest:		resolution: 640x480
[06/10/24 20:35:24] crowsnest:		max_fps: 15
[06/10/24 20:35:24] crowsnest: INFO: Detect available Devices
[06/10/24 20:35:24] crowsnest: ERROR: No usable Devices Found. Stopping crowsnest.
[06/10/24 20:35:30] crowsnest: crowsnest - A webcam Service for multiple Cams and Stream Services.
[06/10/24 20:35:30] crowsnest: Version: v4.1.9-1-gd75a3ae
[06/10/24 20:35:30] crowsnest: Prepare Startup ...
[06/10/24 20:35:30] crowsnest: INFO: Host information:
[06/10/24 20:35:30] crowsnest: Host Info: Distribution: Debian GNU/Linux 11 (bullseye)
[06/10/24 20:35:30] crowsnest: Host Info: Release: MainsailOS release 1.3.2 (bullseye)
[06/10/24 20:35:30] crowsnest: Host Info: Kernel: Linux 6.1.21-v8+ aarch64
[06/10/24 20:35:30] crowsnest: Host Info: Model:  Raspberry Pi 4 Model B Rev 1.5
[06/10/24 20:35:30] crowsnest: Host Info: Available CPU Cores: 4
[06/10/24 20:35:30] crowsnest: Host Info: Available Memory: 3705536 kB
[06/10/24 20:35:30] crowsnest: Host Info: Diskspace (avail. / total): 51G / 59G
[06/10/24 20:35:30] crowsnest: INFO: Checking Dependencies
[06/10/24 20:35:30] crowsnest: Dependency: 'crudini' found in /usr/bin/crudini.
[06/10/24 20:35:30] crowsnest: Dependency: 'find' found in /usr/bin/find.
[06/10/24 20:35:30] crowsnest: Dependency: 'xargs' found in /usr/bin/xargs.
[06/10/24 20:35:30] crowsnest: Dependency: 'ustreamer' found in bin/ustreamer/src/ustreamer.bin.
[06/10/24 20:35:30] crowsnest: Dependency: 'camera-streamer' found in bin/camera-streamer/camera-streamer.
[06/10/24 20:35:30] crowsnest: Version Control: ustreamer is up to date. (v5.48)
[06/10/24 20:35:30] crowsnest: Version Control: camera-streamer is up to date. ((f1627aa))
[06/10/24 20:35:30] crowsnest: INFO: Print Configfile: '/home/pi/printer_data/config/crowsnest.conf'
[06/10/24 20:35:30] crowsnest:		[crowsnest]
[06/10/24 20:35:30] crowsnest:		log_path: /home/pi/printer_data/logs/crowsnest.log
[06/10/24 20:35:30] crowsnest:		log_level: verbose
[06/10/24 20:35:30] crowsnest:		delete_log: false
[06/10/24 20:35:30] crowsnest:		no_proxy: false
[06/10/24 20:35:30] crowsnest:		
[06/10/24 20:35:30] crowsnest:		[cam 1]
[06/10/24 20:35:30] crowsnest:		mode: ustreamer
[06/10/24 20:35:30] crowsnest:		
[06/10/24 20:35:30] crowsnest:		enable_rtsp: false
[06/10/24 20:35:30] crowsnest:		rtsp_port: 8554
[06/10/24 20:35:30] crowsnest:		port: 8080
[06/10/24 20:35:30] crowsnest:		device: /dev/video0
[06/10/24 20:35:30] crowsnest:		resolution: 640x480
[06/10/24 20:35:30] crowsnest:		max_fps: 15
[06/10/24 20:35:30] crowsnest: INFO: Detect available Devices
[06/10/24 20:35:30] crowsnest: ERROR: No usable Devices Found. Stopping crowsnest.
[06/10/24 20:35:36] crowsnest: crowsnest - A webcam Service for multiple Cams and Stream Services.
[06/10/24 20:35:36] crowsnest: Version: v4.1.9-1-gd75a3ae
[06/10/24 20:35:36] crowsnest: Prepare Startup ...
[06/10/24 20:35:36] crowsnest: INFO: Host information:
[06/10/24 20:35:36] crowsnest: Host Info: Distribution: Debian GNU/Linux 11 (bullseye)
[06/10/24 20:35:36] crowsnest: Host Info: Release: MainsailOS release 1.3.2 (bullseye)
[06/10/24 20:35:36] crowsnest: Host Info: Kernel: Linux 6.1.21-v8+ aarch64
[06/10/24 20:35:36] crowsnest: Host Info: Model:  Raspberry Pi 4 Model B Rev 1.5
[06/10/24 20:35:36] crowsnest: Host Info: Available CPU Cores: 4
[06/10/24 20:35:36] crowsnest: Host Info: Available Memory: 3705536 kB
[06/10/24 20:35:36] crowsnest: Host Info: Diskspace (avail. / total): 51G / 59G
[06/10/24 20:35:36] crowsnest: INFO: Checking Dependencies
[06/10/24 20:35:36] crowsnest: Dependency: 'crudini' found in /usr/bin/crudini.
[06/10/24 20:35:36] crowsnest: Dependency: 'find' found in /usr/bin/find.
[06/10/24 20:35:36] crowsnest: Dependency: 'xargs' found in /usr/bin/xargs.
[06/10/24 20:35:36] crowsnest: Dependency: 'ustreamer' found in bin/ustreamer/src/ustreamer.bin.
[06/10/24 20:35:36] crowsnest: Dependency: 'camera-streamer' found in bin/camera-streamer/camera-streamer.
[06/10/24 20:35:36] crowsnest: Version Control: ustreamer is up to date. (v5.48)
[06/10/24 20:35:36] crowsnest: Version Control: camera-streamer is up to date. ((f1627aa))
[06/10/24 20:35:36] crowsnest: INFO: Print Configfile: '/home/pi/printer_data/config/crowsnest.conf'
[06/10/24 20:35:36] crowsnest:		[crowsnest]
[06/10/24 20:35:36] crowsnest:		log_path: /home/pi/printer_data/logs/crowsnest.log
[06/10/24 20:35:36] crowsnest:		log_level: verbose
[06/10/24 20:35:36] crowsnest:		delete_log: false
[06/10/24 20:35:36] crowsnest:		no_proxy: false
[06/10/24 20:35:36] crowsnest:		
[06/10/24 20:35:36] crowsnest:		[cam 1]
[06/10/24 20:35:36] crowsnest:		mode: ustreamer
[06/10/24 20:35:36] crowsnest:		
[06/10/24 20:35:36] crowsnest:		enable_rtsp: false
[06/10/24 20:35:36] crowsnest:		rtsp_port: 8554
[06/10/24 20:35:36] crowsnest:		port: 8080
[06/10/24 20:35:36] crowsnest:		device: /dev/video0
[06/10/24 20:35:36] crowsnest:		resolution: 640x480
[06/10/24 20:35:36] crowsnest:		max_fps: 15
[06/10/24 20:35:36] crowsnest: INFO: Detect available Devices
[06/10/24 20:35:36] crowsnest: ERROR: No usable Devices Found. Stopping crowsnest.
[06/10/24 20:35:55] crowsnest: crowsnest - A webcam Service for multiple Cams and Stream Services.
[06/10/24 20:35:55] crowsnest: Version: v4.1.9-1-gd75a3ae
[06/10/24 20:35:55] crowsnest: Prepare Startup ...
[06/10/24 20:35:55] crowsnest: INFO: Host information:
[06/10/24 20:35:55] crowsnest: Host Info: Distribution: Debian GNU/Linux 11 (bullseye)
[06/10/24 20:35:55] crowsnest: Host Info: Release: MainsailOS release 1.3.2 (bullseye)
[06/10/24 20:35:55] crowsnest: Host Info: Kernel: Linux 6.1.21-v8+ aarch64
[06/10/24 20:35:55] crowsnest: Host Info: Model:  Raspberry Pi 4 Model B Rev 1.5
[06/10/24 20:35:55] crowsnest: Host Info: Available CPU Cores: 4
[06/10/24 20:35:55] crowsnest: Host Info: Available Memory: 3705536 kB
[06/10/24 20:35:55] crowsnest: Host Info: Diskspace (avail. / total): 51G / 59G
[06/10/24 20:35:55] crowsnest: INFO: Checking Dependencies
[06/10/24 20:35:55] crowsnest: Dependency: 'crudini' found in /usr/bin/crudini.
[06/10/24 20:35:55] crowsnest: Dependency: 'find' found in /usr/bin/find.
[06/10/24 20:35:55] crowsnest: Dependency: 'xargs' found in /usr/bin/xargs.
[06/10/24 20:35:55] crowsnest: Dependency: 'ustreamer' found in bin/ustreamer/src/ustreamer.bin.
[06/10/24 20:35:55] crowsnest: Dependency: 'camera-streamer' found in bin/camera-streamer/camera-streamer.
[06/10/24 20:35:55] crowsnest: Version Control: ustreamer is up to date. (v5.48)
[06/10/24 20:35:55] crowsnest: Version Control: camera-streamer is up to date. ((f1627aa))
[06/10/24 20:35:55] crowsnest: INFO: Print Configfile: '/home/pi/printer_data/config/crowsnest.conf'
[06/10/24 20:35:55] crowsnest:		[crowsnest]
[06/10/24 20:35:55] crowsnest:		log_path: /home/pi/printer_data/logs/crowsnest.log
[06/10/24 20:35:55] crowsnest:		log_level: verbose
[06/10/24 20:35:55] crowsnest:		delete_log: false
[06/10/24 20:35:55] crowsnest:		no_proxy: false
[06/10/24 20:35:55] crowsnest:		
[06/10/24 20:35:55] crowsnest:		[cam 1]
[06/10/24 20:35:55] crowsnest:		mode: ustreamer
[06/10/24 20:35:55] crowsnest:		
[06/10/24 20:35:55] crowsnest:		enable_rtsp: false
[06/10/24 20:35:55] crowsnest:		rtsp_port: 8554
[06/10/24 20:35:55] crowsnest:		port: 8080
[06/10/24 20:35:55] crowsnest:		device: /dev/video0
[06/10/24 20:35:55] crowsnest:		resolution: 640x480
[06/10/24 20:35:55] crowsnest:		max_fps: 15
[06/10/24 20:35:55] crowsnest: INFO: Detect available Devices
[06/10/24 20:35:55] crowsnest: ERROR: No usable Devices Found. Stopping crowsnest.
[06/10/24 20:36:01] crowsnest: crowsnest - A webcam Service for multiple Cams and Stream Services.
[06/10/24 20:36:01] crowsnest: Version: v4.1.9-1-gd75a3ae
[06/10/24 20:36:01] crowsnest: Prepare Startup ...
[06/10/24 20:36:01] crowsnest: INFO: Host information:
[06/10/24 20:36:01] crowsnest: Host Info: Distribution: Debian GNU/Linux 11 (bullseye)
[06/10/24 20:36:01] crowsnest: Host Info: Release: MainsailOS release 1.3.2 (bullseye)
[06/10/24 20:36:01] crowsnest: Host Info: Kernel: Linux 6.1.21-v8+ aarch64
[06/10/24 20:36:01] crowsnest: Host Info: Model:  Raspberry Pi 4 Model B Rev 1.5
[06/10/24 20:36:01] crowsnest: Host Info: Available CPU Cores: 4
[06/10/24 20:36:01] crowsnest: Host Info: Available Memory: 3705536 kB
[06/10/24 20:36:01] crowsnest: Host Info: Diskspace (avail. / total): 51G / 59G
[06/10/24 20:36:01] crowsnest: INFO: Checking Dependencies
[06/10/24 20:36:01] crowsnest: Dependency: 'crudini' found in /usr/bin/crudini.
[06/10/24 20:36:01] crowsnest: Dependency: 'find' found in /usr/bin/find.
[06/10/24 20:36:01] crowsnest: Dependency: 'xargs' found in /usr/bin/xargs.
[06/10/24 20:36:01] crowsnest: Dependency: 'ustreamer' found in bin/ustreamer/src/ustreamer.bin.
[06/10/24 20:36:01] crowsnest: Dependency: 'camera-streamer' found in bin/camera-streamer/camera-streamer.
[06/10/24 20:36:01] crowsnest: Version Control: ustreamer is up to date. (v5.48)
[06/10/24 20:36:01] crowsnest: Version Control: camera-streamer is up to date. ((f1627aa))
[06/10/24 20:36:01] crowsnest: INFO: Print Configfile: '/home/pi/printer_data/config/crowsnest.conf'
[06/10/24 20:36:01] crowsnest:		[crowsnest]
[06/10/24 20:36:01] crowsnest:		log_path: /home/pi/printer_data/logs/crowsnest.log
[06/10/24 20:36:01] crowsnest:		log_level: verbose
[06/10/24 20:36:01] crowsnest:		delete_log: false
[06/10/24 20:36:01] crowsnest:		no_proxy: false
[06/10/24 20:36:01] crowsnest:		
[06/10/24 20:36:01] crowsnest:		[cam 1]
[06/10/24 20:36:01] crowsnest:		mode: ustreamer
[06/10/24 20:36:01] crowsnest:		
[06/10/24 20:36:01] crowsnest:		enable_rtsp: false
[06/10/24 20:36:01] crowsnest:		rtsp_port: 8554
[06/10/24 20:36:01] crowsnest:		port: 8080
[06/10/24 20:36:01] crowsnest:		device: /dev/video0
[06/10/24 20:36:01] crowsnest:		resolution: 640x480
[06/10/24 20:36:01] crowsnest:		max_fps: 15
[06/10/24 20:36:01] crowsnest: INFO: Detect available Devices
[06/10/24 20:36:01] crowsnest: ERROR: No usable Devices Found. Stopping crowsnest.
[06/10/24 20:36:07] crowsnest: crowsnest - A webcam Service for multiple Cams and Stream Services.
[06/10/24 20:36:07] crowsnest: Version: v4.1.9-1-gd75a3ae
[06/10/24 20:36:07] crowsnest: Prepare Startup ...
[06/10/24 20:36:07] crowsnest: INFO: Host information:
[06/10/24 20:36:07] crowsnest: Host Info: Distribution: Debian GNU/Linux 11 (bullseye)
[06/10/24 20:36:07] crowsnest: Host Info: Release: MainsailOS release 1.3.2 (bullseye)
[06/10/24 20:36:07] crowsnest: Host Info: Kernel: Linux 6.1.21-v8+ aarch64
[06/10/24 20:36:07] crowsnest: Host Info: Model:  Raspberry Pi 4 Model B Rev 1.5
[06/10/24 20:36:07] crowsnest: Host Info: Available CPU Cores: 4
[06/10/24 20:36:07] crowsnest: Host Info: Available Memory: 3705536 kB
[06/10/24 20:36:07] crowsnest: Host Info: Diskspace (avail. / total): 51G / 59G
[06/10/24 20:36:07] crowsnest: INFO: Checking Dependencies
[06/10/24 20:36:07] crowsnest: Dependency: 'crudini' found in /usr/bin/crudini.
[06/10/24 20:36:07] crowsnest: Dependency: 'find' found in /usr/bin/find.
[06/10/24 20:36:07] crowsnest: Dependency: 'xargs' found in /usr/bin/xargs.
[06/10/24 20:36:07] crowsnest: Dependency: 'ustreamer' found in bin/ustreamer/src/ustreamer.bin.
[06/10/24 20:36:07] crowsnest: Dependency: 'camera-streamer' found in bin/camera-streamer/camera-streamer.
[06/10/24 20:36:07] crowsnest: Version Control: ustreamer is up to date. (v5.48)
[06/10/24 20:36:07] crowsnest: Version Control: camera-streamer is up to date. ((f1627aa))
[06/10/24 20:36:07] crowsnest: INFO: Print Configfile: '/home/pi/printer_data/config/crowsnest.conf'
[06/10/24 20:36:07] crowsnest:		[crowsnest]
[06/10/24 20:36:07] crowsnest:		log_path: /home/pi/printer_data/logs/crowsnest.log
[06/10/24 20:36:07] crowsnest:		log_level: verbose
[06/10/24 20:36:07] crowsnest:		delete_log: false
[06/10/24 20:36:07] crowsnest:		no_proxy: false
[06/10/24 20:36:07] crowsnest:		
[06/10/24 20:36:07] crowsnest:		[cam 1]
[06/10/24 20:36:07] crowsnest:		mode: ustreamer
[06/10/24 20:36:07] crowsnest:		
[06/10/24 20:36:07] crowsnest:		enable_rtsp: false
[06/10/24 20:36:07] crowsnest:		rtsp_port: 8554
[06/10/24 20:36:07] crowsnest:		port: 8080
[06/10/24 20:36:07] crowsnest:		device: /dev/video0
[06/10/24 20:36:07] crowsnest:		resolution: 640x480
[06/10/24 20:36:07] crowsnest:		max_fps: 15
[06/10/24 20:36:07] crowsnest: INFO: Detect available Devices
[06/10/24 20:36:08] crowsnest: ERROR: No usable Devices Found. Stopping crowsnest.
[06/10/24 20:36:13] crowsnest: crowsnest - A webcam Service for multiple Cams and Stream Services.
[06/10/24 20:36:13] crowsnest: Version: v4.1.9-1-gd75a3ae
[06/10/24 20:36:13] crowsnest: Prepare Startup ...
[06/10/24 20:36:13] crowsnest: INFO: Host information:
[06/10/24 20:36:13] crowsnest: Host Info: Distribution: Debian GNU/Linux 11 (bullseye)
[06/10/24 20:36:13] crowsnest: Host Info: Release: MainsailOS release 1.3.2 (bullseye)
[06/10/24 20:36:13] crowsnest: Host Info: Kernel: Linux 6.1.21-v8+ aarch64
[06/10/24 20:36:13] crowsnest: Host Info: Model:  Raspberry Pi 4 Model B Rev 1.5
[06/10/24 20:36:13] crowsnest: Host Info: Available CPU Cores: 4
[06/10/24 20:36:13] crowsnest: Host Info: Available Memory: 3705536 kB
[06/10/24 20:36:13] crowsnest: Host Info: Diskspace (avail. / total): 51G / 59G
[06/10/24 20:36:13] crowsnest: INFO: Checking Dependencies
[06/10/24 20:36:13] crowsnest: Dependency: 'crudini' found in /usr/bin/crudini.
[06/10/24 20:36:13] crowsnest: Dependency: 'find' found in /usr/bin/find.
[06/10/24 20:36:14] crowsnest: Dependency: 'xargs' found in /usr/bin/xargs.
[06/10/24 20:36:14] crowsnest: Dependency: 'ustreamer' found in bin/ustreamer/src/ustreamer.bin.
[06/10/24 20:36:14] crowsnest: Dependency: 'camera-streamer' found in bin/camera-streamer/camera-streamer.
[06/10/24 20:36:14] crowsnest: Version Control: ustreamer is up to date. (v5.48)
[06/10/24 20:36:14] crowsnest: Version Control: camera-streamer is up to date. ((f1627aa))
[06/10/24 20:36:14] crowsnest: INFO: Print Configfile: '/home/pi/printer_data/config/crowsnest.conf'
[06/10/24 20:36:14] crowsnest:		[crowsnest]
[06/10/24 20:36:14] crowsnest:		log_path: /home/pi/printer_data/logs/crowsnest.log
[06/10/24 20:36:14] crowsnest:		log_level: verbose
[06/10/24 20:36:14] crowsnest:		delete_log: false
[06/10/24 20:36:14] crowsnest:		no_proxy: false
[06/10/24 20:36:14] crowsnest:		
[06/10/24 20:36:14] crowsnest:		[cam 1]
[06/10/24 20:36:14] crowsnest:		mode: ustreamer
[06/10/24 20:36:14] crowsnest:		
[06/10/24 20:36:14] crowsnest:		enable_rtsp: false
[06/10/24 20:36:14] crowsnest:		rtsp_port: 8554
[06/10/24 20:36:14] crowsnest:		port: 8080
[06/10/24 20:36:14] crowsnest:		device: /dev/video0
[06/10/24 20:36:14] crowsnest:		resolution: 640x480
[06/10/24 20:36:14] crowsnest:		max_fps: 15
[06/10/24 20:36:14] crowsnest: INFO: Detect available Devices
[06/10/24 20:36:14] crowsnest: ERROR: No usable Devices Found. Stopping crowsnest.
[06/10/24 20:36:20] crowsnest: crowsnest - A webcam Service for multiple Cams and Stream Services.
[06/10/24 20:36:20] crowsnest: Version: v4.1.9-1-gd75a3ae
[06/10/24 20:36:20] crowsnest: Prepare Startup ...
[06/10/24 20:36:20] crowsnest: INFO: Host information:
[06/10/24 20:36:20] crowsnest: Host Info: Distribution: Debian GNU/Linux 11 (bullseye)
[06/10/24 20:36:20] crowsnest: Host Info: Release: MainsailOS release 1.3.2 (bullseye)
[06/10/24 20:36:20] crowsnest: Host Info: Kernel: Linux 6.1.21-v8+ aarch64
[06/10/24 20:36:20] crowsnest: Host Info: Model:  Raspberry Pi 4 Model B Rev 1.5
[06/10/24 20:36:20] crowsnest: Host Info: Available CPU Cores: 4
[06/10/24 20:36:20] crowsnest: Host Info: Available Memory: 3705536 kB
[06/10/24 20:36:20] crowsnest: Host Info: Diskspace (avail. / total): 51G / 59G
[06/10/24 20:36:20] crowsnest: INFO: Checking Dependencies
[06/10/24 20:36:20] crowsnest: Dependency: 'crudini' found in /usr/bin/crudini.
[06/10/24 20:36:20] crowsnest: Dependency: 'find' found in /usr/bin/find.
[06/10/24 20:36:20] crowsnest: Dependency: 'xargs' found in /usr/bin/xargs.
[06/10/24 20:36:20] crowsnest: Dependency: 'ustreamer' found in bin/ustreamer/src/ustreamer.bin.
[06/10/24 20:36:20] crowsnest: Dependency: 'camera-streamer' found in bin/camera-streamer/camera-streamer.
[06/10/24 20:36:20] crowsnest: Version Control: ustreamer is up to date. (v5.48)
[06/10/24 20:36:20] crowsnest: Version Control: camera-streamer is up to date. ((f1627aa))
[06/10/24 20:36:20] crowsnest: INFO: Print Configfile: '/home/pi/printer_data/config/crowsnest.conf'
[06/10/24 20:36:20] crowsnest:		[crowsnest]
[06/10/24 20:36:20] crowsnest:		log_path: /home/pi/printer_data/logs/crowsnest.log
[06/10/24 20:36:20] crowsnest:		log_level: verbose
[06/10/24 20:36:20] crowsnest:		delete_log: false
[06/10/24 20:36:20] crowsnest:		no_proxy: false
[06/10/24 20:36:20] crowsnest:		
[06/10/24 20:36:20] crowsnest:		[cam 1]
[06/10/24 20:36:20] crowsnest:		mode: ustreamer
[06/10/24 20:36:20] crowsnest:		
[06/10/24 20:36:20] crowsnest:		enable_rtsp: false
[06/10/24 20:36:20] crowsnest:		rtsp_port: 8554
[06/10/24 20:36:20] crowsnest:		port: 8080
[06/10/24 20:36:20] crowsnest:		device: /dev/video0
[06/10/24 20:36:20] crowsnest:		resolution: 640x480
[06/10/24 20:36:20] crowsnest:		max_fps: 15
[06/10/24 20:36:20] crowsnest: INFO: Detect available Devices
[06/10/24 20:36:20] crowsnest: ERROR: No usable Devices Found. Stopping crowsnest.
[06/10/24 20:36:26] crowsnest: crowsnest - A webcam Service for multiple Cams and Stream Services.
[06/10/24 20:36:26] crowsnest: Version: v4.1.9-1-gd75a3ae
[06/10/24 20:36:26] crowsnest: Prepare Startup ...
[06/10/24 20:36:26] crowsnest: INFO: Host information:
[06/10/24 20:36:26] crowsnest: Host Info: Distribution: Debian GNU/Linux 11 (bullseye)
[06/10/24 20:36:26] crowsnest: Host Info: Release: MainsailOS release 1.3.2 (bullseye)
[06/10/24 20:36:26] crowsnest: Host Info: Kernel: Linux 6.1.21-v8+ aarch64
[06/10/24 20:36:26] crowsnest: Host Info: Model:  Raspberry Pi 4 Model B Rev 1.5
[06/10/24 20:36:26] crowsnest: Host Info: Available CPU Cores: 4
[06/10/24 20:36:26] crowsnest: Host Info: Available Memory: 3705536 kB
[06/10/24 20:36:26] crowsnest: Host Info: Diskspace (avail. / total): 51G / 59G
[06/10/24 20:36:26] crowsnest: INFO: Checking Dependencies
[06/10/24 20:36:26] crowsnest: Dependency: 'crudini' found in /usr/bin/crudini.
[06/10/24 20:36:26] crowsnest: Dependency: 'find' found in /usr/bin/find.
[06/10/24 20:36:26] crowsnest: Dependency: 'xargs' found in /usr/bin/xargs.
[06/10/24 20:36:26] crowsnest: Dependency: 'ustreamer' found in bin/ustreamer/src/ustreamer.bin.
[06/10/24 20:36:26] crowsnest: Dependency: 'camera-streamer' found in bin/camera-streamer/camera-streamer.
[06/10/24 20:36:26] crowsnest: Version Control: ustreamer is up to date. (v5.48)
[06/10/24 20:36:26] crowsnest: Version Control: camera-streamer is up to date. ((f1627aa))
[06/10/24 20:36:26] crowsnest: INFO: Print Configfile: '/home/pi/printer_data/config/crowsnest.conf'
[06/10/24 20:36:26] crowsnest:		[crowsnest]
[06/10/24 20:36:26] crowsnest:		log_path: /home/pi/printer_data/logs/crowsnest.log
[06/10/24 20:36:26] crowsnest:		log_level: verbose
[06/10/24 20:36:26] crowsnest:		delete_log: false
[06/10/24 20:36:26] crowsnest:		no_proxy: false
[06/10/24 20:36:26] crowsnest:		
[06/10/24 20:36:26] crowsnest:		[cam 1]
[06/10/24 20:36:26] crowsnest:		mode: ustreamer
[06/10/24 20:36:26] crowsnest:		
[06/10/24 20:36:26] crowsnest:		enable_rtsp: false
[06/10/24 20:36:26] crowsnest:		rtsp_port: 8554
[06/10/24 20:36:26] crowsnest:		port: 8080
[06/10/24 20:36:26] crowsnest:		device: /dev/video0
[06/10/24 20:36:26] crowsnest:		resolution: 640x480
[06/10/24 20:36:26] crowsnest:		max_fps: 15
[06/10/24 20:36:26] crowsnest: INFO: Detect available Devices
[06/10/24 20:36:26] crowsnest: ERROR: No usable Devices Found. Stopping crowsnest.
[06/10/24 20:36:32] crowsnest: crowsnest - A webcam Service for multiple Cams and Stream Services.
[06/10/24 20:36:32] crowsnest: Version: v4.1.9-1-gd75a3ae
[06/10/24 20:36:32] crowsnest: Prepare Startup ...
[06/10/24 20:36:32] crowsnest: INFO: Host information:
[06/10/24 20:36:32] crowsnest: Host Info: Distribution: Debian GNU/Linux 11 (bullseye)
[06/10/24 20:36:32] crowsnest: Host Info: Release: MainsailOS release 1.3.2 (bullseye)
[06/10/24 20:36:32] crowsnest: Host Info: Kernel: Linux 6.1.21-v8+ aarch64
[06/10/24 20:36:32] crowsnest: Host Info: Model:  Raspberry Pi 4 Model B Rev 1.5
[06/10/24 20:36:32] crowsnest: Host Info: Available CPU Cores: 4
[06/10/24 20:36:32] crowsnest: Host Info: Available Memory: 3705536 kB
[06/10/24 20:36:32] crowsnest: Host Info: Diskspace (avail. / total): 51G / 59G
[06/10/24 20:36:32] crowsnest: INFO: Checking Dependencies
[06/10/24 20:36:32] crowsnest: Dependency: 'crudini' found in /usr/bin/crudini.
[06/10/24 20:36:32] crowsnest: Dependency: 'find' found in /usr/bin/find.
[06/10/24 20:36:32] crowsnest: Dependency: 'xargs' found in /usr/bin/xargs.
[06/10/24 20:36:32] crowsnest: Dependency: 'ustreamer' found in bin/ustreamer/src/ustreamer.bin.
[06/10/24 20:36:32] crowsnest: Dependency: 'camera-streamer' found in bin/camera-streamer/camera-streamer.
[06/10/24 20:36:32] crowsnest: Version Control: ustreamer is up to date. (v5.48)
[06/10/24 20:36:32] crowsnest: Version Control: camera-streamer is up to date. ((f1627aa))
[06/10/24 20:36:32] crowsnest: INFO: Print Configfile: '/home/pi/printer_data/config/crowsnest.conf'
[06/10/24 20:36:32] crowsnest:		[crowsnest]
[06/10/24 20:36:32] crowsnest:		log_path: /home/pi/printer_data/logs/crowsnest.log
[06/10/24 20:36:32] crowsnest:		log_level: verbose
[06/10/24 20:36:32] crowsnest:		delete_log: false
[06/10/24 20:36:32] crowsnest:		no_proxy: false
[06/10/24 20:36:32] crowsnest:		
[06/10/24 20:36:32] crowsnest:		[cam 1]
[06/10/24 20:36:32] crowsnest:		mode: ustreamer
[06/10/24 20:36:32] crowsnest:		
[06/10/24 20:36:32] crowsnest:		enable_rtsp: false
[06/10/24 20:36:32] crowsnest:		rtsp_port: 8554
[06/10/24 20:36:32] crowsnest:		port: 8080
[06/10/24 20:36:32] crowsnest:		device: /dev/video0
[06/10/24 20:36:32] crowsnest:		resolution: 640x480
[06/10/24 20:36:32] crowsnest:		max_fps: 15
[06/10/24 20:36:32] crowsnest: INFO: Detect available Devices
[06/10/24 20:36:33] crowsnest: ERROR: No usable Devices Found. Stopping crowsnest.
